2026-06-24 11:02:29,746-INFO-Step 1: Creating Vendor Summary Table
2026-06-24 11:02:37,377-INFO-Step 2: Summary Created
2026-06-24 11:02:37,405-INFO-Step 3: Data Cleaned
2026-06-24 11:02:39,226-INFO-Step 4: Data Ingested
2026-06-24 11:02:39,226-INFO-Completed
2026-06-24 11:02:39,242-INFO-Hello Avi
2026-06-24 11:07:52,302-INFO-Program Started
2026-06-24 11:07:58,794-INFO-==================================================
2026-06-24 11:07:58,794-INFO-Vendor Summary ETL Pipeline Started
2026-06-24 11:07:58,794-INFO-==================================================
2026-06-24 11:07:58,794-INFO-Creating Vendor Summary Table...
2026-06-24 11:08:05,905-INFO-Summary Data Shape: (10692, 14)
2026-06-24 11:08:05,906-INFO-Cleaning Data...
2026-06-24 11:08:05,943-INFO-Clean Data Shape: (10692, 17)
2026-06-24 11:08:05,943-INFO-Ingesting Data into PostgreSQL...
2026-06-24 11:08:07,547-INFO-Data Ingestion Completed Successfully
2026-06-24 11:08:07,547-INFO-==================================================
2026-06-24 11:08:07,547-INFO-Vendor Summary ETL Pipeline Finished
2026-06-24 11:08:07,547-INFO-==================================================
2026-06-24 11:08:17,822-INFO-Program Started
2026-06-24 11:08:23,765-INFO-==================================================
2026-06-24 11:08:23,765-INFO-Vendor Summary ETL Pipeline Started
2026-06-24 11:08:23,765-INFO-==================================================
2026-06-24 11:08:23,765-INFO-Creating Vendor Summary Table...
2026-06-24 11:08:31,259-INFO-Summary Data Shape: (10692, 14)
2026-06-24 11:08:31,259-INFO-Cleaning Data...
2026-06-24 11:08:31,288-INFO-Clean Data Shape: (10692, 17)
2026-06-24 11:08:31,288-INFO-Ingesting Data into PostgreSQL...
2026-06-24 11:08:33,106-INFO-Data Ingestion Completed Successfully
2026-06-24 11:08:33,107-INFO-==================================================
2026-06-24 11:08:33,107-INFO-Vendor Summary ETL Pipeline Finished
2026-06-24 11:08:33,107-INFO-==================================================
2026-06-24 11:11:14,428-INFO-Program Started
2026-06-24 11:11:19,952-INFO-Creating Vendor Summary Table...
2026-06-24 11:11:27,015-INFO-Summary Data Shape: (10692, 14)
2026-06-24 11:11:27,015-INFO-Cleaning Data...
2026-06-24 11:11:27,044-INFO-Clean Data Shape: (10692, 17)
2026-06-24 11:11:27,044-INFO-Ingesting Data...
2026-06-24 11:11:28,885-INFO-ETL Completed Successfully
2026-06-24 11:17:19,033-INFO-Program Started
2026-06-24 11:17:24,891-INFO-Creating Vendor Summary Table.....
2026-06-24 11:17:31,756-INFO-   VendorNumber                   VendorName  Brand              Description  PurchasePrice  ActualPrice Volume  TotalPurchaseQuantity  TotalPurchaseDollars  TotalSalesQuantity  TotalSalesDollars  TotalSalesPrice  TotalExciseTax  FreightCost
0          1128  BROWN-FORMAN CORP             1233  Jack Daniels No 7 Black          26.27        36.99   1750               145080.0            3811251.60            142049.0         5101919.51        672819.31       260999.20     68601.68
1          4425        MARTIGNETTI COMPANIES   3405    Tito's Handmade Vodka          23.19        28.99   1750               164038.0            3804041.22            160247.0         4819073.49        561512.37       294438.66    144929.24
2         17035  PERNOD RICARD USA             8068         Absolut 80 Proof          18.24        24.99   1750               187407.0            3418303.68            187140.0         4538120.60        461140.15       343854.07    123780.22
3          3960  DIAGEO NORTH AMERICA INC      4261   Capt Morgan Spiced Rum          16.17        22.99   1750               201682.0            3261197.94            200412.0         4475972.88        420050.01       368242.80    257032.07
4          3960  DIAGEO NORTH AMERICA INC      3545          Ketel One Vodka          21.89        29.99   1750               138109.0            3023206.01            135838.0         4223107.62        545778.28       249587.83    257032.07
2026-06-24 11:17:31,756-INFO-Cleaning Data.....
2026-06-24 11:17:31,795-INFO-   VendorNumber                VendorName  Brand              Description  PurchasePrice  ActualPrice  Volume  TotalPurchaseQuantity  TotalPurchaseDollars  TotalSalesQuantity  TotalSalesDollars  TotalSalesPrice  TotalExciseTax  FreightCost  GrossProfit  ProfitMargin  SalesToPurchaseRatio
0          1128         BROWN-FORMAN CORP   1233  Jack Daniels No 7 Black          26.27        36.99  1750.0               145080.0            3811251.60            142049.0         5101919.51        672819.31       260999.20     68601.68   1290667.91     25.297693              1.338647
1          4425     MARTIGNETTI COMPANIES   3405    Tito's Handmade Vodka          23.19        28.99  1750.0               164038.0            3804041.22            160247.0         4819073.49        561512.37       294438.66    144929.24   1015032.27     21.062810              1.266830
2         17035         PERNOD RICARD USA   8068         Absolut 80 Proof          18.24        24.99  1750.0               187407.0            3418303.68            187140.0         4538120.60        461140.15       343854.07    123780.22   1119816.92     24.675786              1.327594
3          3960  DIAGEO NORTH AMERICA INC   4261   Capt Morgan Spiced Rum          16.17        22.99  1750.0               201682.0            3261197.94            200412.0         4475972.88        420050.01       368242.80    257032.07   1214774.94     27.139908              1.372493
4          3960  DIAGEO NORTH AMERICA INC   3545          Ketel One Vodka          21.89        29.99  1750.0               138109.0            3023206.01            135838.0         4223107.62        545778.28       249587.83    257032.07   1199901.61     28.412764              1.396897
2026-06-24 11:17:31,798-INFO-Ingesting data.....
2026-06-24 11:17:33,453-INFO-Completed
2026-06-24 11:17:33,487-INFO-Program Started
2026-06-24 11:17:38,951-INFO-Creating Vendor Summary Table.....
2026-06-24 11:17:45,587-INFO-   VendorNumber                   VendorName  Brand              Description  PurchasePrice  ActualPrice Volume  TotalPurchaseQuantity  TotalPurchaseDollars  TotalSalesQuantity  TotalSalesDollars  TotalSalesPrice  TotalExciseTax  FreightCost
0          1128  BROWN-FORMAN CORP             1233  Jack Daniels No 7 Black          26.27        36.99   1750               145080.0            3811251.60            142049.0         5101919.51        672819.31       260999.20     68601.68
1          4425        MARTIGNETTI COMPANIES   3405    Tito's Handmade Vodka          23.19        28.99   1750               164038.0            3804041.22            160247.0         4819073.49        561512.37       294438.66    144929.24
2         17035  PERNOD RICARD USA             8068         Absolut 80 Proof          18.24        24.99   1750               187407.0            3418303.68            187140.0         4538120.60        461140.15       343854.07    123780.22
3          3960  DIAGEO NORTH AMERICA INC      4261   Capt Morgan Spiced Rum          16.17        22.99   1750               201682.0            3261197.94            200412.0         4475972.88        420050.01       368242.80    257032.07
4          3960  DIAGEO NORTH AMERICA INC      3545          Ketel One Vodka          21.89        29.99   1750               138109.0            3023206.01            135838.0         4223107.62        545778.28       249587.83    257032.07
2026-06-24 11:17:45,588-INFO-Cleaning Data.....
2026-06-24 11:17:45,635-INFO-   VendorNumber                VendorName  Brand              Description  PurchasePrice  ActualPrice  Volume  TotalPurchaseQuantity  TotalPurchaseDollars  TotalSalesQuantity  TotalSalesDollars  TotalSalesPrice  TotalExciseTax  FreightCost  GrossProfit  ProfitMargin  SalesToPurchaseRatio
0          1128         BROWN-FORMAN CORP   1233  Jack Daniels No 7 Black          26.27        36.99  1750.0               145080.0            3811251.60            142049.0         5101919.51        672819.31       260999.20     68601.68   1290667.91     25.297693              1.338647
1          4425     MARTIGNETTI COMPANIES   3405    Tito's Handmade Vodka          23.19        28.99  1750.0               164038.0            3804041.22            160247.0         4819073.49        561512.37       294438.66    144929.24   1015032.27     21.062810              1.266830
2         17035         PERNOD RICARD USA   8068         Absolut 80 Proof          18.24        24.99  1750.0               187407.0            3418303.68            187140.0         4538120.60        461140.15       343854.07    123780.22   1119816.92     24.675786              1.327594
3          3960  DIAGEO NORTH AMERICA INC   4261   Capt Morgan Spiced Rum          16.17        22.99  1750.0               201682.0            3261197.94            200412.0         4475972.88        420050.01       368242.80    257032.07   1214774.94     27.139908              1.372493
4          3960  DIAGEO NORTH AMERICA INC   3545          Ketel One Vodka          21.89        29.99  1750.0               138109.0            3023206.01            135838.0         4223107.62        545778.28       249587.83    257032.07   1199901.61     28.412764              1.396897
2026-06-24 11:17:45,635-INFO-Ingesting data.....
2026-06-24 11:17:47,181-INFO-Completed
2026-06-24 11:17:47,213-INFO-Program Started
2026-06-24 11:17:53,370-INFO-Creating Vendor Summary Table.....
2026-06-24 11:18:00,697-INFO-   VendorNumber                   VendorName  Brand              Description  PurchasePrice  ActualPrice Volume  TotalPurchaseQuantity  TotalPurchaseDollars  TotalSalesQuantity  TotalSalesDollars  TotalSalesPrice  TotalExciseTax  FreightCost
0          1128  BROWN-FORMAN CORP             1233  Jack Daniels No 7 Black          26.27        36.99   1750               145080.0            3811251.60            142049.0         5101919.51        672819.31       260999.20     68601.68
1          4425        MARTIGNETTI COMPANIES   3405    Tito's Handmade Vodka          23.19        28.99   1750               164038.0            3804041.22            160247.0         4819073.49        561512.37       294438.66    144929.24
2         17035  PERNOD RICARD USA             8068         Absolut 80 Proof          18.24        24.99   1750               187407.0            3418303.68            187140.0         4538120.60        461140.15       343854.07    123780.22
3          3960  DIAGEO NORTH AMERICA INC      4261   Capt Morgan Spiced Rum          16.17        22.99   1750               201682.0            3261197.94            200412.0         4475972.88        420050.01       368242.80    257032.07
4          3960  DIAGEO NORTH AMERICA INC      3545          Ketel One Vodka          21.89        29.99   1750               138109.0            3023206.01            135838.0         4223107.62        545778.28       249587.83    257032.07
2026-06-24 11:18:00,698-INFO-Cleaning Data.....
2026-06-24 11:18:00,736-INFO-   VendorNumber                VendorName  Brand              Description  PurchasePrice  ActualPrice  Volume  TotalPurchaseQuantity  TotalPurchaseDollars  TotalSalesQuantity  TotalSalesDollars  TotalSalesPrice  TotalExciseTax  FreightCost  GrossProfit  ProfitMargin  SalesToPurchaseRatio
0          1128         BROWN-FORMAN CORP   1233  Jack Daniels No 7 Black          26.27        36.99  1750.0               145080.0            3811251.60            142049.0         5101919.51        672819.31       260999.20     68601.68   1290667.91     25.297693              1.338647
1          4425     MARTIGNETTI COMPANIES   3405    Tito's Handmade Vodka          23.19        28.99  1750.0               164038.0            3804041.22            160247.0         4819073.49        561512.37       294438.66    144929.24   1015032.27     21.062810              1.266830
2         17035         PERNOD RICARD USA   8068         Absolut 80 Proof          18.24        24.99  1750.0               187407.0            3418303.68            187140.0         4538120.60        461140.15       343854.07    123780.22   1119816.92     24.675786              1.327594
3          3960  DIAGEO NORTH AMERICA INC   4261   Capt Morgan Spiced Rum          16.17        22.99  1750.0               201682.0            3261197.94            200412.0         4475972.88        420050.01       368242.80    257032.07   1214774.94     27.139908              1.372493
4          3960  DIAGEO NORTH AMERICA INC   3545          Ketel One Vodka          21.89        29.99  1750.0               138109.0            3023206.01            135838.0         4223107.62        545778.28       249587.83    257032.07   1199901.61     28.412764              1.396897
2026-06-24 11:18:00,736-INFO-Ingesting data.....
2026-06-24 11:18:02,492-INFO-Completed
2026-06-24 11:22:30,907-ERROR-No such comm target registered: jupyter.widget.control
2026-06-24 11:22:30,911-WARNING-No such comm: 27636328-8dca-4126-9908-6d724ec0d3db
2026-06-24 12:23:25,837-ERROR-No such comm target registered: jupyter.widget.control
2026-06-24 12:23:25,869-WARNING-No such comm: fd283548-5db1-495d-8b60-ba082c9cffa0
2026-06-24 12:55:02,323-ERROR-No such comm target registered: jupyter.widget.control
2026-06-24 12:55:02,331-WARNING-No such comm: f195f6fa-74c9-44e6-8944-363d2075596b
2026-06-24 12:56:58,880-ERROR-No such comm target registered: jupyter.widget.control
2026-06-24 12:56:58,884-WARNING-No such comm: 98355767-adb9-48b4-9302-50b6014aaddc
2026-06-24 13:05:33,958-ERROR-No such comm target registered: jupyter.widget.control
2026-06-24 13:05:33,962-WARNING-No such comm: ec4c403b-35c4-4cc3-8e9c-515af9fe48db
2026-06-24 13:17:24,598-ERROR-No such comm target registered: jupyter.widget.control
2026-06-24 13:17:24,600-WARNING-No such comm: 091723bd-649d-41fe-ac9a-72ee7365422c
2026-06-24 13:30:44,210-ERROR-No such comm target registered: jupyter.widget.control
2026-06-24 13:30:44,213-WARNING-No such comm: 5ff75768-a6ca-41a0-b1ea-b9596728da2d
2026-06-24 15:41:42,411-ERROR-No such comm target registered: jupyter.widget.control
2026-06-24 15:41:42,422-WARNING-No such comm: 5c0308d5-285d-45e0-96dc-b01ebadf5038
2026-06-24 15:49:46,668-ERROR-No such comm target registered: jupyter.widget.control
2026-06-24 15:49:46,670-WARNING-No such comm: bb5955f2-7f56-4df4-947c-62b7a61b1d68
2026-06-24 16:09:38,762-ERROR-No such comm target registered: jupyter.widget.control
2026-06-24 16:09:38,764-WARNING-No such comm: b03d7143-e93c-42fe-b1d7-a28bd60d60b3
2026-06-24 16:32:11,133-ERROR-No such comm target registered: jupyter.widget.control
2026-06-24 16:32:11,138-WARNING-No such comm: 191776b9-d09c-41ba-8bb6-86d0b92cda10
2026-06-24 18:58:25,172-ERROR-No such comm target registered: jupyter.widget.control
2026-06-24 18:58:25,177-WARNING-No such comm: c11e6a77-54a3-4eaf-b73b-8241f2a66314
2026-06-24 18:59:23,544-ERROR-No such comm target registered: jupyter.widget.control
2026-06-24 18:59:23,547-WARNING-No such comm: 8466034d-f58f-48f1-a671-058c63af469d
2026-06-24 19:48:47,527-ERROR-No such comm target registered: jupyter.widget.control
2026-06-24 19:48:47,531-WARNING-No such comm: 39824f05-e295-4935-b87d-f6d16a13b42f
2026-06-24 19:58:55,895-ERROR-No such comm target registered: jupyter.widget.control
2026-06-24 19:58:55,898-WARNING-No such comm: 2a1b3c3e-2ea9-41f5-ba50-6148e5c295b7
2026-06-24 20:04:23,859-ERROR-No such comm target registered: jupyter.widget.control
2026-06-24 20:04:23,862-WARNING-No such comm: 79d90a7f-6f94-4c17-aec0-031d8debf02f
2026-06-24 20:05:21,682-ERROR-No such comm target registered: jupyter.widget.control
2026-06-24 20:05:21,687-WARNING-No such comm: 1efc9e24-2729-48b1-bfdd-a75865958469
2026-06-24 20:05:54,383-ERROR-No such comm target registered: jupyter.widget.control
2026-06-24 20:05:54,387-WARNING-No such comm: ea63efbc-cc4f-4859-aaf3-90218929aeba
2026-06-24 20:18:10,695-ERROR-No such comm target registered: jupyter.widget.control
2026-06-24 20:18:10,697-WARNING-No such comm: c7787100-6007-4b73-92cd-3c97399342c8
2026-06-24 20:18:29,023-ERROR-No such comm target registered: jupyter.widget.control
2026-06-24 20:18:29,032-WARNING-No such comm: e14757d1-857b-4a4a-862d-7997c8e6ffee
2026-06-24 20:24:28,534-ERROR-No such comm target registered: jupyter.widget.control
2026-06-24 20:24:28,536-WARNING-No such comm: 3c60edc7-5b9c-472f-9576-0d72628727d1
